#
# A fatal error has been detected by the Java Runtime Environment:
#
#  EXCEPTION_ACCESS_VIOLATION (0xc0000005) at pc=0x000002115dbc3424, pid=11144, tid=21852
#
# JRE version: Java(TM) SE Runtime Environment (20.0.2+9) (build 20.0.2+9-78)
# Java VM: Java HotSpot(TM) 64-Bit Server VM (20.0.2+9-78, mixed mode, emulated-client, sharing, tiered, compressed oops, compressed class ptrs, g1 gc, windows-amd64)
# Problematic frame:
# v  ~BufferBlob::MethodHandles adapters 0x000002115dbc3424
#
# No core dump will be written. Minidumps are not enabled by default on client versions of Windows
#
# If you would like to submit a bug report, please visit:
#   https://bugreport.java.com/bugreport/crash.jsp
#

---------------  S U M M A R Y ------------

Command Line: -XX:+ShowCodeDetailsInExceptionMessages -agentlib:jdwp=transport=dt_socket,suspend=y,address=localhost:60920 -Dcom.sun.management.jmxremote -Dcom.sun.management.jmxremote.port=60919 -Dcom.sun.management.jmxremote.authenticate=false -Dcom.sun.management.jmxremote.ssl=false -Djava.rmi.server.hostname=localhost -Dspring.jmx.enabled=true -Dmanagement.endpoints.jmx.exposure.include=* -Dspring.application.admin.enabled=true -XX:TieredStopAtLevel=1 -Dspring.boot.project.name=DatabaseProject -javaagent:C:\Users\yogendra.kola\eclipse\jee-2023-06\eclipse\configuration\org.eclipse.osgi\430\0\.cp\lib\javaagent-shaded.jar -Dfile.encoding=UTF-8 com.DatabaseProject.DatabaseProjectApplication --spring.output.ansi.enabled=always

Host: Intel(R) Core(TM) i5-10210U CPU @ 1.60GHz, 8 cores, 15G,  Windows 11 , 64 bit Build 22621 (10.0.22621.1928)
Time: Sun Nov 12 00:14:01 2023 India Standard Time elapsed time: 2059.196216 seconds (0d 0h 34m 19s)

---------------  T H R E A D  ---------------

Current thread (0x000002116d0e5050):  JavaThread "http-nio-1431-exec-3" daemon [_thread_in_Java, id=21852, stack(0x000000b9cb400000,0x000000b9cb500000)]

Stack: [0x000000b9cb400000,0x000000b9cb500000],  sp=0x000000b9cb4fd648,  free space=1013k
Native frames: (J=compiled Java code, j=interpreted, Vv=VM code, C=native code)
C  0x000002115dbc3424


siginfo: EXCEPTION_ACCESS_VIOLATION (0xc0000005), reading address 0x000002a876ab6f42


Registers:
RAX=0x000002115db8ebb6, RBX=0x0000000704955e20, RCX=0x000000b9cb4fd650, RDX=0x0000000000000002
RSP=0x000000b9cb4fd648, RBP=0x000000b9cb4fd698, RSI=0x000002116da19558, RDI=0x000002116ec12220
R8 =0x0000000000000004, R9 =0x0000000000000004, R10=0x0000021100721d3a, R11=0x00000012eec72a09
R12=0x0000000000000000, R13=0x000000b9cb4fd648, R14=0x000000b9cb4fd6b8, R15=0x000002116d0e5050
RIP=0x000002115dbc3424, EFLAGS=0x0000000000010206


Register to memory mapping:

RIP=0x000002115dbc3424 is at begin+65 in a stub
MethodHandle::interpreter_entry::_linkToVirtual [0x000002115dbc33e3, 0x000002115dbc344a] (103 bytes)
RAX=0x000002115db8ebb6 is at code_begin+4278 in an Interpreter codelet
return entry points  [0x000002115db8db00, 0x000002115db8f888]  7560 bytes
RBX=0x0000000704955e20 is an oop: com.DatabaseProject.controller.DataBaseController 
{0x0000000704955e20} - klass: 'com/DatabaseProject/controller/DataBaseController'
 - ---- fields (total size 2 words):
 - private 'service' 'Lcom/DatabaseProject/service/DataBaseservice;' @12  a 'com/DatabaseProject/service/impl/DataBaseServiceImpl'{0x0000000703d2b9f8} (0xe07a573f)
RCX=0x000000b9cb4fd650 is pointing into the stack for thread: 0x000002116d0e5050
RDX=0x0000000000000002 is an unknown value
RSP=0x000000b9cb4fd648 is pointing into the stack for thread: 0x000002116d0e5050
RBP=0x000000b9cb4fd698 is pointing into the stack for thread: 0x000002116d0e5050
RSI=0x000002116da19558 points into unknown readable memory: 0x88001811c7cd96ed | ed 96 cd c7 11 18 00 88
RDI=0x000002116ec12220 points into unknown readable memory: 0x0000001800000060 | 60 00 00 00 18 00 00 00
R8 =0x0000000000000004 is an unknown value
R9 =0x0000000000000004 is an unknown value
R10=0x0000021100721d3a is pointing into metadata
R11=0x00000012eec72a09 is an unknown value
R12=0x0 is NULL
R13=0x000000b9cb4fd648 is pointing into the stack for thread: 0x000002116d0e5050
R14=0x000000b9cb4fd6b8 is pointing into the stack for thread: 0x000002116d0e5050
R15=0x000002116d0e5050 is a thread


Top of Stack: (sp=0x000000b9cb4fd648)
0x000000b9cb4fd648:   000002115db8ebb6 000000b9cb4fd650
0x000000b9cb4fd658:   0000021100721d3a 000000b9cb4fd6b8
0x000000b9cb4fd668:   00000211000b4350 0000000707716c48
0x000000b9cb4fd678:   00000007032ce310 00000211000b6e98
0x000000b9cb4fd688:   000000b9cb4fd648 000000b9cb4fd6c0
0x000000b9cb4fd698:   000000b9cb4fd9e0 000002115e2d9571
0x000000b9cb4fd6a8:   00000007043c05e8 0000000704955e20
0x000000b9cb4fd6b8:   00000007043c05c0 0000000707717028
0x000000b9cb4fd6c8:   0000000000000000 000000b9cb4fd9e0
0x000000b9cb4fd6d8:   000002115defe754 00000007043c0618
0x000000b9cb4fd6e8:   0000000704955e20 00000007043c0640
0x000000b9cb4fd6f8:   00000007043c05c0 0000000704955e20
0x000000b9cb4fd708:   000002115e2d94c4 000000b9cb4fd9e0
0x000000b9cb4fd718:   000002115e2625ed 000002116d0e5050
0x000000b9cb4fd728:   0000000000000000 0000000707700540
0x000000b9cb4fd738:   000002115e250148 000000b9cb4fd8f8
0x000000b9cb4fd748:   000002115df826bc 00007ffdfb0b94e8
0x000000b9cb4fd758:   0000000000000000 0000021101906500
0x000000b9cb4fd768:   0000000000000000 000002116d0e5000
0x000000b9cb4fd778:   0000000706654968 0000000703844b58
0x000000b9cb4fd788:   000000070572a160 0000000000000000
0x000000b9cb4fd798:   000002115db8e6ca 0000000000000000
0x000000b9cb4fd7a8:   0000000000000000 0000000703c188b8
0x000000b9cb4fd7b8:   000002116d0e5050 000000b9cb4fd7f0
0x000000b9cb4fd7c8:   0000000000000000 0000000000000000
0x000000b9cb4fd7d8:   000002116c627c00 000000b9cb4fda78
0x000000b9cb4fd7e8:   000002115e658a24 0000000000000000
0x000000b9cb4fd7f8:   0000000000000000 0000000704955e30
0x000000b9cb4fd808:   0000000704955e20 00000007043c0668
0x000000b9cb4fd818:   00007ffd00000000 00000007039fcda8
0x000000b9cb4fd828:   00007ffdfb0680a8 00000007043c0678
0x000000b9cb4fd838:   0000021101907d08 0000000000000002 

Instructions: (pc=0x000002115dbc3424)
0x000002115dbc3324:   11 02 00 00 80 33 bc 5d 11 02 00 00 00 44 bc 5d
0x000002115dbc3334:   11 02 00 00 70 33 bc 5d 11 02 00 00 70 33 bc 5d
0x000002115dbc3344:   11 02 00 00 00 00 00 00 00 00 00 00 18 36 06 fb
0x000002115dbc3354:   fd 7f 00 00 f0 10 00 00 60 00 00 00 ff ff ff ff
0x000002115dbc3364:   f0 10 00 00 00 00 00 00 00 00 00 00 00 00 00 00
0x000002115dbc3374:   00 00 00 00 00 00 00 00 00 00 00 00 f4 66 66 66
0x000002115dbc3384:   0f 1f 84 00 00 00 00 00 66 66 66 90 66 66 66 0f
0x000002115dbc3394:   1f 84 00 00 00 00 00 66 66 66 90 90 48 8b 53 08
0x000002115dbc33a4:   0f b7 52 2c 48 8b 0c d4 8b 59 14 48 c1 e3 03 8b
0x000002115dbc33b4:   5b 28 48 c1 e3 03 8b 5b 24 48 c1 e3 03 48 8b 5b
0x000002115dbc33c4:   10 48 85 db 0f 84 10 00 00 00 41 80 bf 08 05 00
0x000002115dbc33d4:   00 00 74 03 ff 63 38 ff 63 50 e9 9d 16 00 00 66
0x000002115dbc33e4:   66 66 0f 1f 84 00 00 00 00 00 66 66 66 90 66 66
0x000002115dbc33f4:   0f 1f 84 00 00 00 00 00 66 66 66 90 48 8b 53 08
0x000002115dbc3404:   0f b7 52 2c 48 8b 0c d4 58 5b 50 44 8b 51 08 49
0x000002115dbc3414:   bb 00 00 00 00 11 02 00 00 4d 03 d3 4c 8b 5b 10
0x000002115dbc3424:   4b 8b 9c da c0 01 00 00 48 85 db 0f 84 10 00 00
0x000002115dbc3434:   00 41 80 bf 08 05 00 00 00 74 03 ff 63 38 ff 63
0x000002115dbc3444:   50 e9 36 16 00 00 66 66 66 0f 1f 84 00 00 00 00
0x000002115dbc3454:   00 66 66 66 90 0f 1f 80 00 00 00 00 58 5b 50 8b
0x000002115dbc3464:   5b 24 48 c1 e3 03 48 8b 5b 10 48 85 db 0f 84 10
0x000002115dbc3474:   00 00 00 41 80 bf 08 05 00 00 00 74 03 ff 63 38
0x000002115dbc3484:   ff 63 50 e9 f4 15 00 00 66 66 66 0f 1f 84 00 00
0x000002115dbc3494:   00 00 00 66 66 66 90 0f 1f 44 00 00 48 8b 53 08
0x000002115dbc34a4:   0f b7 52 2c 48 8b 0c d4 58 5b 50 48 3b 01 8b 5b
0x000002115dbc34b4:   24 48 c1 e3 03 48 8b 5b 10 48 85 db 0f 84 10 00
0x000002115dbc34c4:   00 00 41 80 bf 08 05 00 00 00 74 03 ff 63 38 ff
0x000002115dbc34d4:   63 50 e9 a5 15 00 00 0f 1f 44 00 00 48 8b 53 08
0x000002115dbc34e4:   0f b7 52 2c 48 8b 0c d4 58 5b 50 44 8b 51 08 49
0x000002115dbc34f4:   bb 00 00 00 00 11 02 00 00 4d 03 d3 8b 43 18 48
0x000002115dbc3504:   c1 e0 03 48 8b 40 10 48 8b 5b 10 45 8b 9a a0 00
0x000002115dbc3514:   00 00 4f 8d 9c da c0 01 00 00 4d 8d 14 da 49 8b 


Stack slot to memory mapping:
stack at sp + 0 slots: 0x000002115db8ebb6 is at code_begin+4278 in an Interpreter codelet
return entry points  [0x000002115db8db00, 0x000002115db8f888]  7560 bytes
stack at sp + 1 slots: 0x000000b9cb4fd650 is pointing into the stack for thread: 0x000002116d0e5050
stack at sp + 2 slots: 0x0000021100721d3a is pointing into metadata
stack at sp + 3 slots: 0x000000b9cb4fd6b8 is pointing into the stack for thread: 0x000002116d0e5050
stack at sp + 4 slots: 0x00000211000b4350 is pointing into metadata
stack at sp + 5 slots: 0x0000000707716c48 points into unknown readable memory: 0x70204e494f4a2054 | 54 20 4a 4f 49 4e 20 70
stack at sp + 6 slots: 0x00000007032ce310 is an oop: java.lang.Class 
{0x00000007032ce310} - klass: 'java/lang/Class'
 - ---- fields (total size 14 words):
 - private volatile transient 'classRedefinedCount' 'I' @12  0 (0x00000000)
 - abstract internal 'klass' 'J' @16  2272038436648 (0x00000211000b3f28)
 - abstract internal 'array_klass' 'J' @24  0 (0x0000000000000000)
 - abstract internal 'oop_size' 'I' @32  14 (0x0000000e)
 - abstract internal 'static_oop_field_count' 'I' @36  0 (0x00000000)
 - private volatile transient 'cachedConstructor' 'Ljava/lang/reflect/Constructor;' @40  NULL (0x00000000)
 - private transient 'name' 'Ljava/lang/String;' @44  NULL (0x00000000)
 - private transient 'module' 'Ljava/lang/Module;' @48  a 'java/lang/Module'{0x00000007032c4730} (0xe06588e6)
 - private final 'classLoader' 'Ljava/lang/ClassLoader;' @52  NULL (0x00000000)
 - private transient 'classData' 'Ljava/lang/Object;' @56  NULL (0x00000000)
 - private transient 'packageName' 'Ljava/lang/String;' @60  NULL (0x00000000)
 - private final 'componentType' 'Ljava/lang/Class;' @64  NULL (0x00000000)
 - private volatile transient 'reflectionData' 'Ljava/lang/ref/SoftReference;' @68  NULL (0x00000000)
 - private volatile transient 'genericInfo' 'Lsun/reflect/generics/repository/ClassRepository;' @72  NULL (0x00000000)
 - private volatile transient 'enumConstants' '[Ljava/lang/Object;' @76  NULL (0x00000000)
 - private volatile transient 'enumConstantDirectory' 'Ljava/util/Map;' @80  NULL (0x00000000)
 - private volatile transient 'annotationData' 'Ljava/lang/Class$AnnotationData;' @84  NULL (0x00000000)
 - private volatile transient 'annotationType' 'Lsun/reflect/annotation/AnnotationType;' @88  NULL (0x00000000)
 - transient 'classValueMap' 'Ljava/lang/ClassValue$ClassValueMap;' @92  NULL (0x00000000)
 - abstract internal 'protection_domain' 'Ljava/lang/Object;' @96  NULL (0x00000000)
 - abstract internal 'signers_name' 'Ljava/lang/Object;' @100  NULL (0x00000000)
 - abstract internal 'source_file' 'Ljava/lang/Object;' @104  NULL (0x00000000)
 - signature: Ljava/lang/invoke/DirectMethodHandle$Holder;
 - ---- static fields (0):
stack at sp + 7 slots: {method} {0x00000211000b6ea0} 'invokeVirtual' '(Ljava/lang/Object;Ljava/lang/Object;)Ljava/lang/Object;' in 'java/lang/invoke/DirectMethodHandle$Holder'

MethodHandle::interpreter_entry::_linkToVirtual [0x000002115dbc33e3, 0x000002115dbc344a] (103 bytes)
[MachCode]
  0x000002115dbc33e3: 6666 660f | 1f84 0000 | 0000 0066 | 6666 9066 | 660f 1f84 | 0000 0000 | 0066 6666 | 9048 8b53 
  0x000002115dbc3403: 080f b752 | 2c48 8b0c | d458 5b50 | 448b 5108 | 49bb 0000 | 0000 1102 | 0000 4d03 | d34c 8b5b 
  0x000002115dbc3423: 104b 8b9c | dac0 0100 | 0048 85db | 0f84 1000 | 0000 4180 | bf08 0500 | 0000 7403 | ff63 38ff 
  0x000002115dbc3443: 6350 e936 | 
[/MachCode]

---------------  P R O C E S S  ---------------

Threads class SMR info:
_java_thread_list=0x00000211700fc790, length=39, elements={
0x0000021168dd7c50, 0x0000021168dd8790, 0x0000021168ddd260, 0x0000021168de0010,
0x0000021168de0a80, 0x0000021168de1900, 0x0000021168de5c80, 0x000002116d0cf780,
0x000002116d171040, 0x000002116d1715a0, 0x000002116d174ce0, 0x000002116d89cf80,
0x000002116da8fbf0, 0x000002116dab95a0, 0x000002116d93a390, 0x000002116e1d41e0,
0x000002116e1d4730, 0x000002116d0e35c0, 0x000002116d0e6590, 0x000002116d0e2b20,
0x000002116d0e5050, 0x000002116d0e5af0, 0x000002116d0e7030, 0x000002116e1d71b0,
0x000002116e1d7700, 0x000002116e1d6710, 0x000002116d0e7580, 0x000002116d0e1b30,
0x000002116d0e0b40, 0x000002116d0e2080, 0x000002116d0e7ad0, 0x000002116d0e8020,
0x000002116d0e1090, 0x000002116d0e25d0, 0x000002116d0e4060, 0x000002116d0e15e0,
0x000002116d0e3b10, 0x000002116d0e3070, 0x000002116d0e45b0
}

Java Threads: ( => current thread )
  0x0000021168dd7c50 JavaThread "Reference Handler" daemon [_thread_blocked, id=16016, stack(0x000000b9c9000000,0x000000b9c9100000)]
  0x0000021168dd8790 JavaThread "Finalizer" daemon [_thread_blocked, id=19632, stack(0x000000b9c9100000,0x000000b9c9200000)]
  0x0000021168ddd260 JavaThread "Signal Dispatcher" daemon [_thread_blocked, id=14728, stack(0x000000b9c9200000,0x000000b9c9300000)]
  0x0000021168de0010 JavaThread "Attach Listener" daemon [_thread_blocked, id=27100, stack(0x000000b9c9300000,0x000000b9c9400000)]
  0x0000021168de0a80 JavaThread "Service Thread" daemon [_thread_blocked, id=17512, stack(0x000000b9c9400000,0x000000b9c9500000)]
  0x0000021168de1900 JavaThread "Monitor Deflation Thread" daemon [_thread_blocked, id=22232, stack(0x000000b9c9500000,0x000000b9c9600000)]
  0x0000021168de5c80 JavaThread "C1 CompilerThread0" daemon [_thread_blocked, id=8004, stack(0x000000b9c9600000,0x000000b9c9700000)]
  0x000002116d0cf780 JavaThread "Common-Cleaner" daemon [_thread_blocked, id=14224, stack(0x000000b9c9700000,0x000000b9c9800000)]
  0x000002116d171040 JavaThread "JDWP Transport Listener: dt_socket" daemon [_thread_blocked, id=27360, stack(0x000000b9c9a00000,0x000000b9c9b00000)]
  0x000002116d1715a0 JavaThread "JDWP Event Helper Thread" daemon [_thread_blocked, id=10964, stack(0x000000b9c9b00000,0x000000b9c9c00000)]
  0x000002116d174ce0 JavaThread "JDWP Command Reader" daemon [_thread_in_native, id=23456, stack(0x000000b9c9c00000,0x000000b9c9d00000)]
  0x000002116d89cf80 JavaThread "Notification Thread" daemon [_thread_blocked, id=4264, stack(0x000000b9c9d00000,0x000000b9c9e00000)]
  0x000002116da8fbf0 JavaThread "RMI TCP Accept-0" daemon [_thread_in_native, id=21456, stack(0x000000b9c9e00000,0x000000b9c9f00000)]
  0x000002116dab95a0 JavaThread "RMI TCP Accept-60919" daemon [_thread_in_native, id=2980, stack(0x000000b9c9f00000,0x000000b9ca000000)]
  0x000002116d93a390 JavaThread "RMI TCP Accept-0" daemon [_thread_in_native, id=5124, stack(0x000000b9ca700000,0x000000b9ca800000)]
  0x000002116e1d41e0 JavaThread "RMI Scheduler(0)" daemon [_thread_blocked, id=23984, stack(0x000000b9cac00000,0x000000b9cad00000)]
  0x000002116e1d4730 JavaThread "JMX server connection timeout 41" daemon [_thread_blocked, id=19076, stack(0x000000b9cae00000,0x000000b9caf00000)]
  0x000002116d0e35c0 JavaThread "Live Reload Server" daemon [_thread_in_native, id=14684, stack(0x000000b9cb700000,0x000000b9cb800000)]
  0x000002116d0e6590 JavaThread "DestroyJavaVM" [_thread_blocked, id=25452, stack(0x000000b9c8900000,0x000000b9c8a00000)]
  0x000002116d0e2b20 JavaThread "JMX server connection timeout 68" daemon [_thread_blocked, id=11860, stack(0x000000b9caa00000,0x000000b9cab00000)]
=>0x000002116d0e5050 JavaThread "http-nio-1431-exec-3" daemon [_thread_in_Java, id=21852, stack(0x000000b9cb400000,0x000000b9cb500000)]
  0x000002116d0e5af0 JavaThread "RMI TCP Connection(idle)" daemon [_thread_blocked, id=14204, stack(0x000000b9c8600000,0x000000b9c8700000)]
  0x000002116d0e7030 JavaThread "RMI TCP Connection(35)-127.0.0.1" daemon [_thread_in_native, id=4884, stack(0x000000b9c8700000,0x000000b9c8800000)]
  0x000002116e1d71b0 JavaThread "Catalina-utility-1" [_thread_blocked, id=23192, stack(0x000000b9ca900000,0x000000b9caa00000)]
  0x000002116e1d7700 JavaThread "Catalina-utility-2" [_thread_blocked, id=24504, stack(0x000000b9cab00000,0x000000b9cac00000)]
  0x000002116e1d6710 JavaThread "container-0" [_thread_blocked, id=6072, stack(0x000000b9cad00000,0x000000b9cae00000)]
  0x000002116d0e7580 JavaThread "File Watcher" daemon [_thread_blocked, id=9132, stack(0x000000b9cb300000,0x000000b9cb400000)]
  0x000002116d0e1b30 JavaThread "http-nio-1431-exec-1" daemon [_thread_blocked, id=18020, stack(0x000000b9cb500000,0x000000b9cb600000)]
  0x000002116d0e0b40 JavaThread "http-nio-1431-exec-2" daemon [_thread_blocked, id=20020, stack(0x000000b9cb600000,0x000000b9cb700000)]
  0x000002116d0e2080 JavaThread "http-nio-1431-exec-3" daemon [_thread_blocked, id=11920, stack(0x000000b9cb800000,0x000000b9cb900000)]
  0x000002116d0e7ad0 JavaThread "http-nio-1431-exec-4" daemon [_thread_blocked, id=14672, stack(0x000000b9cb900000,0x000000b9cba00000)]
  0x000002116d0e8020 JavaThread "http-nio-1431-exec-5" daemon [_thread_blocked, id=20080, stack(0x000000b9cba00000,0x000000b9cbb00000)]
  0x000002116d0e1090 JavaThread "http-nio-1431-exec-6" daemon [_thread_blocked, id=10000, stack(0x000000b9cbb00000,0x000000b9cbc00000)]
  0x000002116d0e25d0 JavaThread "http-nio-1431-exec-7" daemon [_thread_blocked, id=15972, stack(0x000000b9cbc00000,0x000000b9cbd00000)]
  0x000002116d0e4060 JavaThread "http-nio-1431-exec-8" daemon [_thread_blocked, id=22256, stack(0x000000b9cbd00000,0x000000b9cbe00000)]
  0x000002116d0e15e0 JavaThread "http-nio-1431-exec-9" daemon [_thread_blocked, id=1504, stack(0x000000b9cbe00000,0x000000b9cbf00000)]
  0x000002116d0e3b10 JavaThread "http-nio-1431-exec-10" daemon [_thread_blocked, id=26244, stack(0x000000b9cbf00000,0x000000b9cc000000)]
  0x000002116d0e3070 JavaThread "http-nio-1431-Poller" daemon [_thread_in_native, id=20048, stack(0x000000b9cc000000,0x000000b9cc100000)]
  0x000002116d0e45b0 JavaThread "http-nio-1431-Acceptor" daemon [_thread_in_native, id=24536, stack(0x000000b9cc100000,0x000000b9cc200000)]

Other Threads:
  0x0000021168db63d0 VMThread "VM Thread" [stack: 0x000000b9c8f00000,0x000000b9c9000000] [id=21684]
  0x000002116d93b0f0 WatcherThread "VM Periodic Task Thread" [stack: 0x000000b9ca800000,0x000000b9ca900000] [id=18232]
  0x0000021155b1e370 WorkerThread "GC Thread#0" [stack: 0x000000b9c8a00000,0x000000b9c8b00000] [id=21748]
  0x000002116db12f80 WorkerThread "GC Thread#1" [stack: 0x000000b9ca000000,0x000000b9ca100000] [id=15400]
  0x000002116db0fa40 WorkerThread "GC Thread#2" [stack: 0x000000b9ca100000,0x000000b9ca200000] [id=23284]
  0x000002116db15a20 WorkerThread "GC Thread#3" [stack: 0x000000b9ca200000,0x000000b9ca300000] [id=2608]
  0x000002116db1a480 WorkerThread "GC Thread#4" [stack: 0x000000b9ca300000,0x000000b9ca400000] [id=27592]
  0x000002116db1a750 WorkerThread "GC Thread#5" [stack: 0x000000b9ca400000,0x000000b9ca500000] [id=6840]
  0x000002116dae43a0 WorkerThread "GC Thread#6" [stack: 0x000000b9ca500000,0x000000b9ca600000] [id=7716]
  0x000002116dae3860 WorkerThread "GC Thread#7" [stack: 0x000000b9ca600000,0x000000b9ca700000] [id=23828]
  0x0000021155b2ee90 ConcurrentGCThread "G1 Main Marker" [stack: 0x000000b9c8b00000,0x000000b9c8c00000] [id=26140]
  0x0000021155b30270 WorkerThread "G1 Conc#0" [stack: 0x000000b9c8c00000,0x000000b9c8d00000] [id=18480]
  0x000002116dae32c0 WorkerThread "G1 Conc#1" [stack: 0x000000b9cb100000,0x000000b9cb200000] [id=18080]
  0x0000021168c729e0 ConcurrentGCThread "G1 Refine#0" [stack: 0x000000b9c8d00000,0x000000b9c8e00000] [id=22136]
  0x0000021168c74140 ConcurrentGCThread "G1 Service" [stack: 0x000000b9c8e00000,0x000000b9c8f00000] [id=26364]

Threads with active compile tasks:

VM state: not at safepoint (normal execution)

VM Mutex/Monitor currently owned by a thread: None

Heap address: 0x0000000703000000, size: 4048 MB, Compressed Oops mode: Zero based, Oop shift amount: 3

CDS archive(s) mapped at: [0x0000021100000000-0x0000021100c60000-0x0000021100c60000), size 12976128, SharedBaseAddress: 0x0000021100000000, ArchiveRelocationMode: 1.
Compressed class space mapped at: 0x0000021101000000-0x0000021141000000, reserved size: 1073741824
Narrow klass base: 0x0000021100000000, Narrow klass shift: 0, Narrow klass range: 0x100000000

GC Precious Log:
 CardTable entry size: 512
 Card Set container configuration: InlinePtr #cards 4 size 8 Array Of Cards #cards 16 size 48 Howl #buckets 8 coarsen threshold 3686 Howl Bitmap #cards 512 size 80 coarsen threshold 460 Card regions per heap region 1 cards per card region 4096
 CPUs: 8 total, 8 available
 Memory: 16190M
 Large Page Support: Disabled
 NUMA Support: Disabled
 Compressed Oops: Enabled (Zero based)
 Heap Region Size: 2M
 Heap Min Capacity: 8M
 Heap Initial Capacity: 254M
 Heap Max Capacity: 4048M
 Pre-touch: Disabled
 Parallel Workers: 8
 Concurrent Workers: 2
 Concurrent Refinement Workers: 8
 Periodic GC: Disabled

Heap:
 garbage-first heap   total 81920K, used 37366K [0x0000000703000000, 0x0000000800000000)
  region size 2048K, 5 young (10240K), 2 survivors (4096K)
 Metaspace       used 65455K, committed 66240K, reserved 1114112K
  class space    used 9197K, committed 9536K, reserved 1048576K

Heap Regions: E=young(eden), S=young(survivor), O=old, HS=humongous(starts), HC=humongous(continues), CS=collection set, F=free, OA=open archive, CA=closed archive, TAMS=top-at-mark-start, PB=parsable bottom
|   0|0x0000000703000000, 0x0000000703200000, 0x0000000703200000|100%| O|  |TAMS 0x0000000703000000| PB 0x0000000703000000| Untracked 
|   1|0x0000000703200000, 0x00000007033ffff8, 0x0000000703400000| 99%| O|  |TAMS 0x0000000703200000| PB 0x0000000703200000| Untracked 
|   2|0x0000000703400000, 0x00000007035fff98, 0x0000000703600000| 99%| O|  |TAMS 0x0000000703400000| PB 0x0000000703400000| Untracked 
|   3|0x0000000703600000, 0x00000007037ffff8, 0x0000000703800000| 99%| O|  |TAMS 0x0000000703600000| PB 0x0000000703600000| Untracked 
|   4|0x0000000703800000, 0x00000007039fffe0, 0x0000000703a00000| 99%| O|  |TAMS 0x0000000703800000| PB 0x0000000703800000| Untracked 
|   5|0x0000000703a00000, 0x0000000703bffff0, 0x0000000703c00000| 99%| O|  |TAMS 0x0000000703a00000| PB 0x0000000703a00000| Untracked 
|   6|0x0000000703c00000, 0x0000000703e00000, 0x0000000703e00000|100%| O|  |TAMS 0x0000000703c00000| PB 0x0000000703c00000| Untracked 
|   7|0x0000000703e00000, 0x0000000703f97220, 0x0000000704000000| 79%| O|  |TAMS 0x0000000703e00000| PB 0x0000000703e00000| Untracked 
|   8|0x0000000704000000, 0x00000007041ffff0, 0x0000000704200000| 99%| O|  |TAMS 0x0000000704000000| PB 0x0000000704000000| Untracked 
|   9|0x0000000704200000, 0x00000007043fffc0, 0x0000000704400000| 99%| O|  |TAMS 0x0000000704200000| PB 0x0000000704200000| Untracked 
|  10|0x0000000704400000, 0x00000007045fffc0, 0x0000000704600000| 99%| O|  |TAMS 0x0000000704400000| PB 0x0000000704400000| Untracked 
|  11|0x0000000704600000, 0x00000007047fffd8, 0x0000000704800000| 99%| O|  |TAMS 0x0000000704600000| PB 0x0000000704600000| Untracked 
|  12|0x0000000704800000, 0x0000000704970018, 0x0000000704a00000| 71%| O|  |TAMS 0x0000000704800000| PB 0x0000000704800000| Untracked 
|  13|0x0000000704a00000, 0x0000000704c00000, 0x0000000704c00000|100%| O|  |TAMS 0x0000000704a00000| PB 0x0000000704a00000| Untracked 
|  14|0x0000000704c00000, 0x0000000704cbb940, 0x0000000704e00000| 36%| O|  |TAMS 0x0000000704c00000| PB 0x0000000704c00000| Untracked 
|  15|0x0000000704e00000, 0x0000000704eaa8e0, 0x0000000705000000| 33%| O|  |TAMS 0x0000000704e00000| PB 0x0000000704e00000| Complete 
|  16|0x0000000705000000, 0x000000070512e200, 0x0000000705200000| 59%| O|  |TAMS 0x0000000705000000| PB 0x0000000705000000| Untracked 
|  17|0x0000000705200000, 0x0000000705200000, 0x0000000705400000|  0%| F|  |TAMS 0x0000000705200000| PB 0x0000000705200000| Untracked 
|  18|0x0000000705400000, 0x0000000705400000, 0x0000000705600000|  0%| F|  |TAMS 0x0000000705400000| PB 0x0000000705400000| Untracked 
|  19|0x0000000705600000, 0x0000000705600000, 0x0000000705800000|  0%| F|  |TAMS 0x0000000705600000| PB 0x0000000705600000| Untracked 
|  20|0x0000000705800000, 0x00000007058e23a0, 0x0000000705a00000| 44%| S|CS|TAMS 0x0000000705800000| PB 0x0000000705800000| Complete 
|  21|0x0000000705a00000, 0x0000000705c00000, 0x0000000705c00000|100%| S|CS|TAMS 0x0000000705a00000| PB 0x0000000705a00000| Complete 
|  22|0x0000000705c00000, 0x0000000705c00000, 0x0000000705e00000|  0%| F|  |TAMS 0x0000000705c00000| PB 0x0000000705c00000| Untracked 
|  23|0x0000000705e00000, 0x0000000705e00000, 0x0000000706000000|  0%| F|  |TAMS 0x0000000705e00000| PB 0x0000000705e00000| Untracked 
|  24|0x0000000706000000, 0x0000000706000000, 0x0000000706200000|  0%| F|  |TAMS 0x0000000706000000| PB 0x0000000706000000| Untracked 
|  25|0x0000000706200000, 0x0000000706200000, 0x0000000706400000|  0%| F|  |TAMS 0x0000000706200000| PB 0x0000000706200000| Untracked 
|  26|0x0000000706400000, 0x0000000706400000, 0x0000000706600000|  0%| F|  |TAMS 0x0000000706400000| PB 0x0000000706400000| Untracked 
|  27|0x0000000706600000, 0x0000000706600000, 0x0000000706800000|  0%| F|  |TAMS 0x0000000706600000| PB 0x0000000706600000| Untracked 
|  28|0x0000000706800000, 0x0000000706800000, 0x0000000706a00000|  0%| F|  |TAMS 0x0000000706800000| PB 0x0000000706800000| Untracked 
|  29|0x0000000706a00000, 0x0000000706a00000, 0x0000000706c00000|  0%| F|  |TAMS 0x0000000706a00000| PB 0x0000000706a00000| Untracked 
|  30|0x0000000706c00000, 0x0000000706c00000, 0x0000000706e00000|  0%| F|  |TAMS 0x0000000706c00000| PB 0x0000000706c00000| Untracked 
|  31|0x0000000706e00000, 0x0000000706e00000, 0x0000000707000000|  0%| F|  |TAMS 0x0000000706e00000| PB 0x0000000706e00000| Untracked 
|  32|0x0000000707000000, 0x0000000707000000, 0x0000000707200000|  0%| F|  |TAMS 0x0000000707000000| PB 0x0000000707000000| Untracked 
|  33|0x0000000707200000, 0x0000000707200000, 0x0000000707400000|  0%| F|  |TAMS 0x0000000707200000| PB 0x0000000707200000| Untracked 
|  34|0x0000000707400000, 0x0000000707400000, 0x0000000707600000|  0%| F|  |TAMS 0x0000000707400000| PB 0x0000000707400000| Untracked 
|  35|0x0000000707600000, 0x0000000707600000, 0x0000000707800000|  0%| F|  |TAMS 0x0000000707600000| PB 0x0000000707600000| Untracked 
|  36|0x0000000707800000, 0x0000000707800000, 0x0000000707a00000|  0%| F|  |TAMS 0x0000000707800000| PB 0x0000000707800000| Untracked 
|  37|0x0000000707a00000, 0x0000000707bf6db8, 0x0000000707c00000| 98%| E|  |TAMS 0x0000000707a00000| PB 0x0000000707a00000| Complete 
|  38|0x0000000707c00000, 0x0000000707e00000, 0x0000000707e00000|100%| E|CS|TAMS 0x0000000707c00000| PB 0x0000000707c00000| Complete 
|  39|0x0000000707e00000, 0x0000000708000000, 0x0000000708000000|100%| E|CS|TAMS 0x0000000707e00000| PB 0x0000000707e00000| Complete 

Card table byte_map: [0x0000021161470000,0x0000021161c60000] _byte_map_base: 0x000002115dc58000

Marking Bits: (CMBitMap*) 0x0000021155b1e8b0
 Bits: [0x0000021162450000, 0x0000021166390000)

Polling page: 0x00000211537e0000

Metaspace:

Usage:
  Non-class:     54.94 MB used.
      Class:      8.98 MB used.
       Both:     63.92 MB used.

Virtual space:
  Non-class space:       64.00 MB reserved,      55.38 MB ( 87%) committed,  1 nodes.
      Class space:        1.00 GB reserved,       9.31 MB ( <1%) committed,  1 nodes.
             Both:        1.06 GB reserved,      64.69 MB (  6%) committed. 

Chunk freelists:
   Non-Class:  304.00 KB
       Class:  2.72 MB
        Both:  3.01 MB

MaxMetaspaceSize: unlimited
CompressedClassSpaceSize: 1.00 GB
Initial GC threshold: 21.00 MB
Current GC threshold: 107.50 MB
CDS: on
MetaspaceReclaimPolicy: balanced
 - commit_granule_bytes: 65536.
 - commit_granule_words: 8192.
 - virtual_space_node_default_size: 8388608.
 - enlarge_chunks_in_place: 1.
 - new_chunks_are_fully_committed: 0.
 - uncommit_free_chunks: 1.
 - use_allocation_guard: 0.


Internal statistics:

num_allocs_failed_limit: 9.
num_arena_births: 1894.
num_arena_deaths: 854.
num_vsnodes_births: 2.
num_vsnodes_deaths: 0.
num_space_committed: 1035.
num_space_uncommitted: 0.
num_chunks_returned_to_freelist: 1001.
num_chunks_taken_from_freelist: 4556.
num_chunk_merges: 237.
num_chunk_splits: 2862.
num_chunks_enlarged: 2122.
num_inconsistent_stats: 0.

CodeCache: size=49152Kb used=12706Kb max_used=14419Kb free=36445Kb
 bounds [0x000002115db70000, 0x000002115ea60000, 0x0000021160b70000]
 total_blobs=6684 nmethods=6010 adapters=598
 compilation: enabled
              stopped_count=0, restarted_count=0
 full_count=0

Compilation events (20 events):
Event: 2043.512 Thread 0x000002116fd67290 nmethod 8594 0x000002115e6fca90 code [0x000002115e6fce40, 0x000002115e6fdcd8]
Event: 2043.512 Thread 0x000002116fd67290 8601       1       java.io.ObjectStreamClass::hasReadResolveMethod (17 bytes)
Event: 2043.512 Thread 0x000002116fd67290 nmethod 8601 0x000002115e3b0910 code [0x000002115e3b0aa0, 0x000002115e3b0c30]
Event: 2043.512 Thread 0x000002116fd67290 8607       1       org.springframework.boot.actuate.endpoint.OperationArgumentResolver::of (22 bytes)
Event: 2043.513 Thread 0x000002116fd67290 nmethod 8607 0x000002115e541390 code [0x000002115e541540, 0x000002115e541860]
Event: 2043.513 Thread 0x000002116fd67290 8608       1       org.springframework.boot.actuate.endpoint.OperationArgumentResolver$1::<init> (15 bytes)
Event: 2043.513 Thread 0x000002116fd67290 nmethod 8608 0x000002115e44de90 code [0x000002115e44e020, 0x000002115e44e190]
Event: 2043.513 Thread 0x000002116fd67290 8603       1       java.io.ObjectInputStream$GetField::<init> (5 bytes)
Event: 2043.513 Thread 0x000002116fd67290 nmethod 8603 0x000002115e45f790 code [0x000002115e45f900, 0x000002115e45f9c8]
Event: 2043.513 Thread 0x000002116e25fd90 nmethod 8598 0x000002115e11dd90 code [0x000002115e11e100, 0x000002115e11efa0]
Event: 2043.513 Thread 0x000002116e25fd90 8605       1       java.io.ObjectInputStream$FieldValues::defaultCheckFieldValues (20 bytes)
Event: 2043.513 Thread 0x000002116fd67290 8606       1       java.io.ObjectInputStream$FieldValues::defaultSetFieldValues (39 bytes)
Event: 2043.513 Thread 0x0000021168de5c80 nmethod 8600 0x000002115e71e810 code [0x000002115e71ea40, 0x000002115e71f028]
Event: 2043.513 Thread 0x0000021168de5c80 8609       1       org.springframework.boot.actuate.endpoint.InvocationContext::getArguments (5 bytes)
Event: 2043.514 Thread 0x0000021168de5c80 nmethod 8609 0x000002115e71e510 code [0x000002115e71e680, 0x000002115e71e750]
Event: 2043.514 Thread 0x000002116e25fd90 nmethod 8605 0x000002115e6b1c90 code [0x000002115e6b1e20, 0x000002115e6b1f60]
Event: 2043.514 Thread 0x000002116fd67290 nmethod 8606 0x000002115e36e990 code [0x000002115e36eb20, 0x000002115e36ecd0]
Event: 2043.515 Thread 0x000002116e3862b0 nmethod 8595 0x000002115df07090 code [0x000002115df07680, 0x000002115df09b18]
Event: 2044.069 Thread 0x000002116e3862b0 8610       1       java.io.ObjectStreamClass::getVariantFor (51 bytes)
Event: 2044.070 Thread 0x000002116e3862b0 nmethod 8610 0x000002115df06c10 code [0x000002115df06dc0, 0x000002115df06fd0]

GC Heap History (20 events):
Event: 1099.610 GC heap before
{Heap before GC invocations=23 (full 1):
 garbage-first heap   total 96256K, used 35788K [0x0000000703000000, 0x0000000800000000)
  region size 2048K, 5 young (10240K), 1 survivors (2048K)
 Metaspace       used 62448K, committed 63296K, reserved 1114112K
  class space    used 8834K, committed 9216K, reserved 1048576K
}
Event: 1099.654 GC heap after
{Heap after GC invocations=24 (full 2):
 garbage-first heap   total 81920K, used 20282K [0x0000000703000000, 0x0000000800000000)
  region size 2048K, 0 young (0K), 0 survivors (0K)
 Metaspace       used 61956K, committed 63296K, reserved 1114112K
  class space    used 8712K, committed 9216K, reserved 1048576K
}
Event: 1103.037 GC heap before
{Heap before GC invocations=24 (full 2):
 garbage-first heap   total 81920K, used 67386K [0x0000000703000000, 0x0000000800000000)
  region size 2048K, 24 young (49152K), 0 survivors (0K)
 Metaspace       used 62104K, committed 63296K, reserved 1114112K
  class space    used 8746K, committed 9216K, reserved 1048576K
}
Event: 1103.041 GC heap after
{Heap after GC invocations=25 (full 2):
 garbage-first heap   total 81920K, used 25146K [0x0000000703000000, 0x0000000800000000)
  region size 2048K, 3 young (6144K), 3 survivors (6144K)
 Metaspace       used 62104K, committed 63296K, reserved 1114112K
  class space    used 8746K, committed 9216K, reserved 1048576K
}
Event: 1116.576 GC heap before
{Heap before GC invocations=26 (full 2):
 garbage-first heap   total 81920K, used 66106K [0x0000000703000000, 0x0000000800000000)
  region size 2048K, 23 young (47104K), 3 survivors (6144K)
 Metaspace       used 62725K, committed 63488K, reserved 1114112K
  class space    used 8833K, committed 9216K, reserved 1048576K
}
Event: 1116.584 GC heap after
{Heap after GC invocations=27 (full 2):
 garbage-first heap   total 81920K, used 28669K [0x0000000703000000, 0x0000000800000000)
  region size 2048K, 3 young (6144K), 3 survivors (6144K)
 Metaspace       used 62725K, committed 63488K, reserved 1114112K
  class space    used 8833K, committed 9216K, reserved 1048576K
}
Event: 1615.600 GC heap before
{Heap before GC invocations=27 (full 2):
 garbage-first heap   total 81920K, used 63485K [0x0000000703000000, 0x0000000800000000)
  region size 2048K, 21 young (43008K), 3 survivors (6144K)
 Metaspace       used 65070K, committed 65792K, reserved 1114112K
  class space    used 9163K, committed 9472K, reserved 1048576K
}
Event: 1615.621 GC heap after
{Heap after GC invocations=28 (full 2):
 garbage-first heap   total 81920K, used 29729K [0x0000000703000000, 0x0000000800000000)
  region size 2048K, 1 young (2048K), 1 survivors (2048K)
 Metaspace       used 65070K, committed 65792K, reserved 1114112K
  class space    used 9163K, committed 9472K, reserved 1048576K
}
Event: 1957.263 GC heap before
{Heap before GC invocations=28 (full 2):
 garbage-first heap   total 81920K, used 39969K [0x0000000703000000, 0x0000000800000000)
  region size 2048K, 7 young (14336K), 1 survivors (2048K)
 Metaspace       used 65074K, committed 65792K, reserved 1114112K
  class space    used 9164K, committed 9472K, reserved 1048576K
}
Event: 1957.312 GC heap after
{Heap after GC invocations=29 (full 3):
 garbage-first heap   total 81920K, used 21604K [0x0000000703000000, 0x0000000800000000)
  region size 2048K, 0 young (0K), 0 survivors (0K)
 Metaspace       used 64781K, committed 65792K, reserved 1114112K
  class space    used 9088K, committed 9472K, reserved 1048576K
}
Event: 1960.483 GC heap before
{Heap before GC invocations=29 (full 3):
 garbage-first heap   total 81920K, used 66660K [0x0000000703000000, 0x0000000800000000)
  region size 2048K, 23 young (47104K), 0 survivors (0K)
 Metaspace       used 64925K, committed 65792K, reserved 1114112K
  class space    used 9121K, committed 9472K, reserved 1048576K
}
Event: 1960.487 GC heap after
{Heap after GC invocations=30 (full 3):
 garbage-first heap   total 81920K, used 26369K [0x0000000703000000, 0x0000000800000000)
  region size 2048K, 3 young (6144K), 3 survivors (6144K)
 Metaspace       used 64925K, committed 65792K, reserved 1114112K
  class space    used 9121K, committed 9472K, reserved 1048576K
}
Event: 1963.077 GC heap before
{Heap before GC invocations=31 (full 3):
 garbage-first heap   total 81920K, used 67329K [0x0000000703000000, 0x0000000800000000)
  region size 2048K, 23 young (47104K), 3 survivors (6144K)
 Metaspace       used 65232K, committed 65920K, reserved 1114112K
  class space    used 9177K, committed 9472K, reserved 1048576K
}
Event: 1963.093 GC heap after
{Heap after GC invocations=32 (full 3):
 garbage-first heap   total 81920K, used 29744K [0x0000000703000000, 0x0000000800000000)
  region size 2048K, 3 young (6144K), 3 survivors (6144K)
 Metaspace       used 65232K, committed 65920K, reserved 1114112K
  class space    used 9177K, committed 9472K, reserved 1048576K
}
Event: 1963.131 GC heap before
{Heap before GC invocations=32 (full 3):
 garbage-first heap   total 81920K, used 29744K [0x0000000703000000, 0x0000000800000000)
  region size 2048K, 4 young (8192K), 3 survivors (6144K)
 Metaspace       used 65234K, committed 65920K, reserved 1114112K
  class space    used 9178K, committed 9472K, reserved 1048576K
}
Event: 1963.173 GC heap after
{Heap after GC invocations=33 (full 4):
 garbage-first heap   total 81920K, used 27060K [0x0000000703000000, 0x0000000800000000)
  region size 2048K, 0 young (0K), 0 survivors (0K)
 Metaspace       used 65234K, committed 65920K, reserved 1114112K
  class space    used 9178K, committed 9472K, reserved 1048576K
}
Event: 1963.729 GC heap before
{Heap before GC invocations=33 (full 4):
 garbage-first heap   total 81920K, used 68020K [0x0000000703000000, 0x0000000800000000)
  region size 2048K, 20 young (40960K), 0 survivors (0K)
 Metaspace       used 65281K, committed 66048K, reserved 1114112K
  class space    used 9185K, committed 9536K, reserved 1048576K
}
Event: 1963.738 GC heap after
{Heap after GC invocations=34 (full 4):
 garbage-first heap   total 81920K, used 30732K [0x0000000703000000, 0x0000000800000000)
  region size 2048K, 2 young (4096K), 2 survivors (4096K)
 Metaspace       used 65281K, committed 66048K, reserved 1114112K
  class space    used 9185K, committed 9536K, reserved 1048576K
}
Event: 1964.610 GC heap before
{Heap before GC invocations=35 (full 4):
 garbage-first heap   total 81920K, used 67596K [0x0000000703000000, 0x0000000800000000)
  region size 2048K, 20 young (40960K), 2 survivors (4096K)
 Metaspace       used 65435K, committed 66176K, reserved 1114112K
  class space    used 9195K, committed 9536K, reserved 1048576K
}
Event: 1964.614 GC heap after
{Heap after GC invocations=36 (full 4):
 garbage-first heap   total 81920K, used 33270K [0x0000000703000000, 0x0000000800000000)
  region size 2048K, 2 young (4096K), 2 survivors (4096K)
 Metaspace       used 65435K, committed 66176K, reserved 1114112K
  class space    used 9195K, committed 9536K, reserved 1048576K
}

Dll operation events (13 events):
Event: 0.016 Loaded shared library C:\Program Files\Java\jdk-20\bin\java.dll
Event: 0.034 Loaded shared library C:\Program Files\Java\jdk-20\bin\jsvml.dll
Event: 0.189 Loaded shared library C:\Program Files\Java\jdk-20\bin\zip.dll
Event: 0.192 Loaded shared library C:\Program Files\Java\jdk-20\bin\instrument.dll
Event: 0.200 Loaded shared library C:\Program Files\Java\jdk-20\bin\net.dll
Event: 0.203 Loaded shared library C:\Program Files\Java\jdk-20\bin\nio.dll
Event: 0.209 Loaded shared library C:\Program Files\Java\jdk-20\bin\zip.dll
Event: 0.594 Loaded shared library C:\Program Files\Java\jdk-20\bin\jimage.dll
Event: 0.722 Loaded shared library C:\Program Files\Java\jdk-20\bin\management.dll
Event: 0.756 Loaded shared library C:\Program Files\Java\jdk-20\bin\management_ext.dll
Event: 1.156 Loaded shared library C:\Program Files\Java\jdk-20\bin\extnet.dll
Event: 1.178 Loaded shared library C:\Program Files\Java\jdk-20\bin\verify.dll
Event: 5.697 Loaded shared library C:\Program Files\Java\jdk-20\bin\sunmscapi.dll

Deoptimization events (20 events):
Event: 1970.648 Thread 0x000002116d0e7030 DEOPT PACKING pc=0x000002115e662f1c sp=0x000000b9c87fd8f0
Event: 1970.648 Thread 0x000002116d0e7030 DEOPT UNPACKING pc=0x000002115dbda4c2 sp=0x000000b9c87fce58 mode 1
Event: 1970.648 Thread 0x000002116d0e7030 DEOPT PACKING pc=0x000002115e662f1c sp=0x000000b9c87fd8f0
Event: 1970.648 Thread 0x000002116d0e7030 DEOPT UNPACKING pc=0x000002115dbda4c2 sp=0x000000b9c87fce58 mode 1
Event: 1970.648 Thread 0x000002116d0e7030 DEOPT PACKING pc=0x000002115e662f1c sp=0x000000b9c87fd8f0
Event: 1970.648 Thread 0x000002116d0e7030 DEOPT UNPACKING pc=0x000002115dbda4c2 sp=0x000000b9c87fce58 mode 1
Event: 1970.648 Thread 0x000002116d0e7030 DEOPT PACKING pc=0x000002115e662f1c sp=0x000000b9c87fd8f0
Event: 1970.648 Thread 0x000002116d0e7030 DEOPT UNPACKING pc=0x000002115dbda4c2 sp=0x000000b9c87fce58 mode 1
Event: 1970.648 Thread 0x000002116d0e7030 DEOPT PACKING pc=0x000002115e662f1c sp=0x000000b9c87fd8f0
Event: 1970.648 Thread 0x000002116d0e7030 DEOPT UNPACKING pc=0x000002115dbda4c2 sp=0x000000b9c87fce58 mode 1
Event: 1970.648 Thread 0x000002116d0e7030 DEOPT PACKING pc=0x000002115e662f1c sp=0x000000b9c87fd8f0
Event: 1970.648 Thread 0x000002116d0e7030 DEOPT UNPACKING pc=0x000002115dbda4c2 sp=0x000000b9c87fce58 mode 1
Event: 1970.648 Thread 0x000002116d0e7030 DEOPT PACKING pc=0x000002115e662f1c sp=0x000000b9c87fd8f0
Event: 1970.648 Thread 0x000002116d0e7030 DEOPT UNPACKING pc=0x000002115dbda4c2 sp=0x000000b9c87fce58 mode 1
Event: 1970.648 Thread 0x000002116d0e7030 DEOPT PACKING pc=0x000002115e662f1c sp=0x000000b9c87fd8f0
Event: 1970.648 Thread 0x000002116d0e7030 DEOPT UNPACKING pc=0x000002115dbda4c2 sp=0x000000b9c87fce58 mode 1
Event: 1970.648 Thread 0x000002116d0e7030 DEOPT PACKING pc=0x000002115e662f1c sp=0x000000b9c87fd8f0
Event: 1970.648 Thread 0x000002116d0e7030 DEOPT UNPACKING pc=0x000002115dbda4c2 sp=0x000000b9c87fce58 mode 1
Event: 2059.053 Thread 0x000002116d0e5050 DEOPT PACKING pc=0x000002115e6dce14 sp=0x000000b9cb4fd660
Event: 2059.053 Thread 0x000002116d0e5050 DEOPT UNPACKING pc=0x000002115dbda4c2 sp=0x000000b9cb4fcb08 mode 0

Classes loaded (20 events):
Event: 1116.554 Loading class sun/nio/ch/SelectionKeyImpl
Event: 1116.555 Loading class java/nio/channels/spi/AbstractSelectionKey
Event: 1116.555 Loading class java/nio/channels/SelectionKey
Event: 1116.555 Loading class java/nio/channels/SelectionKey done
Event: 1116.555 Loading class java/nio/channels/spi/AbstractSelectionKey done
Event: 1116.555 Loading class sun/nio/ch/SelectionKeyImpl done
Event: 1116.555 Loading class java/lang/invoke/ConstantBootstraps
Event: 1116.555 Loading class java/lang/invoke/ConstantBootstraps done
Event: 1116.639 Loading class java/util/concurrent/ArrayBlockingQueue
Event: 1116.640 Loading class java/util/concurrent/ArrayBlockingQueue done
Event: 1116.640 Loading class java/util/concurrent/ArrayBlockingQueue$Itr
Event: 1116.640 Loading class java/util/concurrent/ArrayBlockingQueue$Itr done
Event: 1117.239 Loading class java/time/format/DateTimeFormatterBuilder$ZoneTextPrinterParser
Event: 1117.240 Loading class java/time/format/DateTimeFormatterBuilder$ZoneTextPrinterParser done
Event: 1117.240 Loading class java/time/format/DateTimeFormatterBuilder$ReducedPrinterParser
Event: 1117.241 Loading class java/time/format/DateTimeFormatterBuilder$ReducedPrinterParser done
Event: 1117.287 Loading class java/util/ArrayDeque$DescendingIterator
Event: 1117.288 Loading class java/util/ArrayDeque$DescendingIterator done
Event: 1961.426 Loading class java/time/DurationEditor
Event: 1961.426 Loading class java/time/DurationEditor done

Classes unloaded (20 events):
Event: 1957.280 Thread 0x0000021168db63d0 Unloading class 0x00000211013d1c00 'java/lang/invoke/LambdaForm$MH+0x00000211013d1c00'
Event: 1957.280 Thread 0x0000021168db63d0 Unloading class 0x00000211013bc400 'java/lang/invoke/LambdaForm$MH+0x00000211013bc400'
Event: 1957.280 Thread 0x0000021168db63d0 Unloading class 0x00000211013ad800 'java/lang/invoke/LambdaForm$MH+0x00000211013ad800'
Event: 1957.280 Thread 0x0000021168db63d0 Unloading class 0x00000211013ad000 'java/lang/invoke/LambdaForm$MH+0x00000211013ad000'
Event: 1957.280 Thread 0x0000021168db63d0 Unloading class 0x00000211013ac800 'java/lang/invoke/LambdaForm$MH+0x00000211013ac800'
Event: 1957.280 Thread 0x0000021168db63d0 Unloading class 0x00000211013a4000 'java/lang/invoke/LambdaForm$MH+0x00000211013a4000'
Event: 1957.280 Thread 0x0000021168db63d0 Unloading class 0x00000211011a5000 'java/lang/invoke/LambdaForm$MH+0x00000211011a5000'
Event: 1957.280 Thread 0x0000021168db63d0 Unloading class 0x00000211010c3800 'java/lang/invoke/LambdaForm$MH+0x00000211010c3800'
Event: 1957.280 Thread 0x0000021168db63d0 Unloading class 0x0000021101000400 'java/lang/invoke/LambdaForm$MH+0x0000021101000400'
Event: 1960.521 Thread 0x0000021168db63d0 Unloading class 0x000002110193a800 'jdk/internal/reflect/GeneratedSerializationConstructorAccessor40'
Event: 1960.521 Thread 0x0000021168db63d0 Unloading class 0x000002110193a400 'jdk/internal/reflect/GeneratedSerializationConstructorAccessor39'
Event: 1960.521 Thread 0x0000021168db63d0 Unloading class 0x000002110193a000 'jdk/internal/reflect/GeneratedSerializationConstructorAccessor38'
Event: 1960.521 Thread 0x0000021168db63d0 Unloading class 0x0000021101939c00 'jdk/internal/reflect/GeneratedSerializationConstructorAccessor37'
Event: 1960.521 Thread 0x0000021168db63d0 Unloading class 0x0000021101939000 'jdk/internal/reflect/GeneratedSerializationConstructorAccessor36'
Event: 1960.521 Thread 0x0000021168db63d0 Unloading class 0x0000021101938c00 'jdk/internal/reflect/GeneratedSerializationConstructorAccessor35'
Event: 1960.521 Thread 0x0000021168db63d0 Unloading class 0x0000021101938800 'jdk/internal/reflect/GeneratedSerializationConstructorAccessor34'
Event: 1960.521 Thread 0x0000021168db63d0 Unloading class 0x0000021101938400 'jdk/internal/reflect/GeneratedSerializationConstructorAccessor33'
Event: 1960.521 Thread 0x0000021168db63d0 Unloading class 0x0000021101938000 'jdk/internal/reflect/GeneratedSerializationConstructorAccessor32'
Event: 1960.521 Thread 0x0000021168db63d0 Unloading class 0x0000021101931400 'jdk/internal/reflect/GeneratedSerializationConstructorAccessor31'
Event: 1960.521 Thread 0x0000021168db63d0 Unloading class 0x000002110100b800 'java/lang/invoke/LambdaForm$MH+0x000002110100b800'

Classes redefined (8 events):
Event: 23.334 Thread 0x0000021168db63d0 redefined class name=com.DatabaseProject.DatabaseConnectionProperties, count=1
Event: 1098.005 Thread 0x0000021168db63d0 redefined class name=com.DatabaseProject.controller.DataBaseController, count=1
Event: 1098.005 Thread 0x0000021168db63d0 redefined class name=com.DatabaseProject.controller.DataBaseController, count=1
Event: 2059.079 Thread 0x0000021168db63d0 redefined class name=com.DatabaseProject.controller.DataBaseController, count=1
Event: 2059.079 Thread 0x0000021168db63d0 redefined class name=com.DatabaseProject.controller.DataBaseController, count=1
Event: 2059.079 Thread 0x0000021168db63d0 redefined class name=com.DatabaseProject.controller.DataBaseController, count=2
Event: 2059.079 Thread 0x0000021168db63d0 redefined class name=com.DatabaseProject.controller.DataBaseController, count=2
Event: 2059.079 Thread 0x0000021168db63d0 redefined class name=com.DatabaseProject.controller.DataBaseController, count=1

Internal exceptions (20 events):
Event: 1960.351 Thread 0x000002116d0e55a0 Exception <a 'java/lang/NoClassDefFoundError'{0x0000000705dcca90}: org/jooq/DSLContext> (0x0000000705dcca90) 
thrown [s\open\src\hotspot\share\oops\constantPool.cpp, line 848]
Event: 1960.354 Thread 0x000002116d0e55a0 Exception <a 'java/lang/NoClassDefFoundError'{0x0000000705ddbb00}: org/springframework/batch/core/repository/JobRepository> (0x0000000705ddbb00) 
thrown [s\open\src\hotspot\share\oops\constantPool.cpp, line 848]
Event: 1960.355 Thread 0x000002116d0e55a0 Exception <a 'java/lang/NoClassDefFoundError'{0x0000000705ddc158}: org/quartz/Scheduler> (0x0000000705ddc158) 
thrown [s\open\src\hotspot\share\oops\constantPool.cpp, line 848]
Event: 1960.355 Thread 0x000002116d0e55a0 Exception <a 'java/lang/NoClassDefFoundError'{0x0000000705ddc7d8}: org/springframework/session/jdbc/JdbcIndexedSessionRepository> (0x0000000705ddc7d8) 
thrown [s\open\src\hotspot\share\oops\constantPool.cpp, line 848]
Event: 1960.365 Thread 0x000002116d0e55a0 Exception <a 'java/lang/NoSuchMethodError'{0x0000000705a74e60}: 'void java.lang.invoke.DelegatingMethodHandle$Holder.reinvoke_L(java.lang.Object, java.lang.Object, int)'> (0x0000000705a74e60) 
thrown [s\open\src\hotspot\share\interpreter\linkResolver.cpp, line 773]
Event: 1960.430 Thread 0x000002116d0e55a0 Exception <a 'java/lang/NoSuchMethodError'{0x000000070578da70}: 'int java.lang.invoke.DirectMethodHandle$Holder.invokeVirtual(java.lang.Object, java.lang.Object, java.lang.Object, java.lang.Object)'> (0x000000070578da70) 
thrown [s\open\src\hotspot\share\interpreter\linkResolver.cpp, line 773]
Event: 1960.430 Thread 0x000002116d0e55a0 Exception <a 'java/lang/NoSuchMethodError'{0x0000000705791048}: 'int java.lang.invoke.DelegatingMethodHandle$Holder.reinvoke_L(java.lang.Object, java.lang.Object, java.lang.Object, java.lang.Object)'> (0x0000000705791048) 
thrown [s\open\src\hotspot\share\interpreter\linkResolver.cpp, line 773]
Event: 1960.452 Thread 0x000002116d0e55a0 Exception <a 'java/io/FileNotFoundException'{0x0000000705204c78}> (0x0000000705204c78) 
thrown [s\open\src\hotspot\share\prims\jni.cpp, line 519]
Event: 1960.559 Thread 0x000002116d0e55a0 Exception <a 'java/io/FileNotFoundException'{0x0000000707c39a80}> (0x0000000707c39a80) 
thrown [s\open\src\hotspot\share\prims\jni.cpp, line 519]
Event: 1963.126 Thread 0x000002116d0e1090 Exception <a 'java/lang/InterruptedException'{0x0000000707f1c678}: sleep interrupted> (0x0000000707f1c678) 
thrown [s\open\src\hotspot\share\prims\jvm.cpp, line 3086]
Event: 1963.188 Thread 0x000002116e1d5c70 Exception <a 'sun/nio/fs/WindowsException'{0x0000000707e8f4e8}> (0x0000000707e8f4e8) 
thrown [s\open\src\hotspot\share\prims\jni.cpp, line 519]
Event: 1963.274 Thread 0x000002116e1d5c70 Exception <a 'java/lang/NoClassDefFoundError'{0x0000000707b850e0}: org/glassfish/jersey/server/monitoring/ApplicationEventListener> (0x0000000707b850e0) 
thrown [s\open\src\hotspot\share\classfile\systemDictionary.cpp, line 294]
Event: 1963.615 Thread 0x000002116e1d5c70 Exception <a 'java/lang/NoClassDefFoundError'{0x0000000705fa02b0}: org/flywaydb/core/Flyway> (0x0000000705fa02b0) 
thrown [s\open\src\hotspot\share\oops\constantPool.cpp, line 848]
Event: 1963.616 Thread 0x000002116e1d5c70 Exception <a 'java/lang/NoClassDefFoundError'{0x0000000705fa0910}: liquibase/integration/spring/SpringLiquibase> (0x0000000705fa0910) 
thrown [s\open\src\hotspot\share\oops\constantPool.cpp, line 848]
Event: 1963.622 Thread 0x000002116e1d5c70 Exception <a 'java/lang/NoClassDefFoundError'{0x0000000705c0df98}: org/jooq/DSLContext> (0x0000000705c0df98) 
thrown [s\open\src\hotspot\share\oops\constantPool.cpp, line 848]
Event: 1963.624 Thread 0x000002116e1d5c70 Exception <a 'java/lang/NoClassDefFoundError'{0x0000000705c1d008}: org/springframework/batch/core/repository/JobRepository> (0x0000000705c1d008) 
thrown [s\open\src\hotspot\share\oops\constantPool.cpp, line 848]
Event: 1963.626 Thread 0x000002116e1d5c70 Exception <a 'java/lang/NoClassDefFoundError'{0x0000000705c1d660}: org/quartz/Scheduler> (0x0000000705c1d660) 
thrown [s\open\src\hotspot\share\oops\constantPool.cpp, line 848]
Event: 1963.627 Thread 0x000002116e1d5c70 Exception <a 'java/lang/NoClassDefFoundError'{0x0000000705c1dce0}: org/springframework/session/jdbc/JdbcIndexedSessionRepository> (0x0000000705c1dce0) 
thrown [s\open\src\hotspot\share\oops\constantPool.cpp, line 848]
Event: 1963.781 Thread 0x000002116e1d5c70 Exception <a 'java/io/FileNotFoundException'{0x0000000707f0e748}> (0x0000000707f0e748) 
thrown [s\open\src\hotspot\share\prims\jni.cpp, line 519]
Event: 1963.859 Thread 0x000002116e1d5c70 Exception <a 'java/io/FileNotFoundException'{0x0000000707aeff18}> (0x0000000707aeff18) 
thrown [s\open\src\hotspot\share\prims\jni.cpp, line 519]

VM Operations (20 events):
Event: 1986.438 Executing VM operation: Cleanup
Event: 1986.438 Executing VM operation: Cleanup done
Event: 2059.052 Executing VM operation: ChangeSingleStep
Event: 2059.053 Executing VM operation: ChangeSingleStep done
Event: 2059.053 Executing VM operation: ChangeSingleStep
Event: 2059.053 Executing VM operation: ChangeSingleStep done
Event: 2059.070 Executing VM operation: RedefineClasses
Event: 2059.104 Executing VM operation: RedefineClasses done
Event: 2059.142 Executing VM operation: ChangeBreakpoints
Event: 2059.144 Executing VM operation: ChangeBreakpoints done
Event: 2059.146 Executing VM operation: ChangeBreakpoints
Event: 2059.148 Executing VM operation: ChangeBreakpoints done
Event: 2059.150 Executing VM operation: ChangeBreakpoints
Event: 2059.152 Executing VM operation: ChangeBreakpoints done
Event: 2059.155 Executing VM operation: ChangeBreakpoints
Event: 2059.157 Executing VM operation: ChangeBreakpoints done
Event: 2059.160 Executing VM operation: ChangeBreakpoints
Event: 2059.161 Executing VM operation: ChangeBreakpoints done
Event: 2059.164 Executing VM operation: ChangeSingleStep
Event: 2059.164 Executing VM operation: ChangeSingleStep done

Events (20 events):
Event: 1964.619 Thread 0x000002116d0e4060 Thread added: 0x000002116d0e4060
Event: 1964.619 Thread 0x000002116d0e15e0 Thread added: 0x000002116d0e15e0
Event: 1964.619 Thread 0x000002116d0e3b10 Thread added: 0x000002116d0e3b10
Event: 1964.623 Thread 0x000002116d0e3070 Thread added: 0x000002116d0e3070
Event: 1964.623 Thread 0x000002116d0e45b0 Thread added: 0x000002116d0e45b0
Event: 1964.640 Thread 0x000002116e1d5c70 Thread exited: 0x000002116e1d5c70
Event: 1964.640 Thread 0x000002116e1d6c60 Thread exited: 0x000002116e1d6c60
Event: 1969.646 Thread 0x000002117019c1f0 Thread exited: 0x000002117019c1f0
Event: 1972.153 Thread 0x000002116fdac3e0 Thread exited: 0x000002116fdac3e0
Event: 1984.640 Thread 0x000002116e3862b0 Thread added: 0x000002116e3862b0
Event: 1984.642 Thread 0x000002116e25fd90 Thread added: 0x000002116e25fd90
Event: 1989.651 Thread 0x000002116e25fd90 Thread exited: 0x000002116e25fd90
Event: 1989.651 Thread 0x000002116e3862b0 Thread exited: 0x000002116e3862b0
Event: 1990.991 Thread 0x000002116d0e6040 Thread exited: 0x000002116d0e6040
Event: 2043.507 Thread 0x000002116e3862b0 Thread added: 0x000002116e3862b0
Event: 2043.508 Thread 0x000002116e25fd90 Thread added: 0x000002116e25fd90
Event: 2043.508 Thread 0x000002116fd67290 Thread added: 0x000002116fd67290
Event: 2044.069 Thread 0x000002116e25fd90 Thread exited: 0x000002116e25fd90
Event: 2044.069 Thread 0x000002116fd67290 Thread exited: 0x000002116fd67290
Event: 2049.070 Thread 0x000002116e3862b0 Thread exited: 0x000002116e3862b0


Dynamic libraries:
0x00007ff666690000 - 0x00007ff6666a0000 	C:\Program Files\Java\jdk-20\bin\javaw.exe
0x00007ffe70070000 - 0x00007ffe70284000 	C:\Windows\SYSTEM32\ntdll.dll
0x00007ffe6de50000 - 0x00007ffe6df12000 	C:\Windows\System32\KERNEL32.dll
0x00007ffe6d0c0000 - 0x00007ffe6d1db000 	C:\Windows\system32\hmpalert.dll
0x00007ffe6d7f0000 - 0x00007ffe6db93000 	C:\Windows\System32\KERNELBASE.dll
0x00007ffe6d470000 - 0x00007ffe6d581000 	C:\Windows\System32\ucrtbase.dll
0x00007ffe4e4d0000 - 0x00007ffe4e4e9000 	C:\Program Files\Java\jdk-20\bin\jli.dll
0x00007ffe6f3c0000 - 0x00007ffe6f46e000 	C:\Windows\System32\ADVAPI32.dll
0x00007ffe6fde0000 - 0x00007ffe6fe87000 	C:\Windows\System32\msvcrt.dll
0x00007ffe6fb20000 - 0x00007ffe6fbc4000 	C:\Windows\System32\sechost.dll
0x00007ffe4e670000 - 0x00007ffe4e68b000 	C:\Program Files\Java\jdk-20\bin\VCRUNTIME140.dll
0x00007ffe6fcb0000 - 0x00007ffe6fdc7000 	C:\Windows\System32\RPCRT4.dll
0x00007ffe6df20000 - 0x00007ffe6e0ca000 	C:\Windows\System32\USER32.dll
0x00007ffe6d6b0000 - 0x00007ffe6d6d6000 	C:\Windows\System32\win32u.dll
0x00007ffe6f390000 - 0x00007ffe6f3b9000 	C:\Windows\System32\GDI32.dll
0x00007ffe6d590000 - 0x00007ffe6d6a9000 	C:\Windows\System32\gdi32full.dll
0x00007ffe6d6e0000 - 0x00007ffe6d77a000 	C:\Windows\System32\msvcp_win.dll
0x00007ffe470a0000 - 0x00007ffe4732e000 	C:\Windows\WinSxS\amd64_microsoft.windows.common-controls_6595b64144ccf1df_6.0.22621.1635_none_270f70857386168e\COMCTL32.dll
0x00007ffe67f50000 - 0x00007ffe67f5a000 	C:\Windows\SYSTEM32\VERSION.dll
0x00007ffe6e380000 - 0x00007ffe6e3b1000 	C:\Windows\System32\IMM32.DLL
0x00007ffe4ea90000 - 0x00007ffe4ea9c000 	C:\Program Files\Java\jdk-20\bin\vcruntime140_1.dll
0x00007ffe1d410000 - 0x00007ffe1d49e000 	C:\Program Files\Java\jdk-20\bin\msvcp140.dll
0x00007ffdfa700000 - 0x00007ffdfb398000 	C:\Program Files\Java\jdk-20\bin\server\jvm.dll
0x00007ffe4f100000 - 0x00007ffe4f109000 	C:\Windows\SYSTEM32\WSOCK32.dll
0x00007ffe6fbd0000 - 0x00007ffe6fc41000 	C:\Windows\System32\WS2_32.dll
0x00007ffe65de0000 - 0x00007ffe65e14000 	C:\Windows\SYSTEM32\WINMM.dll
0x00007ffe6c390000 - 0x00007ffe6c3a8000 	C:\Windows\SYSTEM32\kernel.appcore.dll
0x00007ffe4ea20000 - 0x00007ffe4ea2a000 	C:\Program Files\Java\jdk-20\bin\jimage.dll
0x00007ffe6aae0000 - 0x00007ffe6ad0e000 	C:\Windows\SYSTEM32\DBGHELP.DLL
0x00007ffe6f000000 - 0x00007ffe6f389000 	C:\Windows\System32\combase.dll
0x00007ffe6f4c0000 - 0x00007ffe6f597000 	C:\Windows\System32\OLEAUT32.dll
0x00007ffe65450000 - 0x00007ffe65482000 	C:\Windows\SYSTEM32\dbgcore.DLL
0x00007ffe6dba0000 - 0x00007ffe6dc1a000 	C:\Windows\System32\bcryptPrimitives.dll
0x00007ffe1e020000 - 0x00007ffe1e05c000 	C:\Program Files\Java\jdk-20\bin\jdwp.dll
0x00007ffe4e020000 - 0x00007ffe4e02e000 	C:\Program Files\Java\jdk-20\bin\instrument.dll
0x00007ffe4dfd0000 - 0x00007ffe4dff6000 	C:\Program Files\Java\jdk-20\bin\java.dll
0x00007ffe1d330000 - 0x00007ffe1d407000 	C:\Program Files\Java\jdk-20\bin\jsvml.dll
0x00007ffe6e710000 - 0x00007ffe6ef09000 	C:\Windows\System32\SHELL32.dll
0x00007ffe6b260000 - 0x00007ffe6bb2e000 	C:\Windows\SYSTEM32\windows.storage.dll
0x00007ffe6b070000 - 0x00007ffe6b1ae000 	C:\Windows\SYSTEM32\wintypes.dll
0x00007ffe6fa20000 - 0x00007ffe6fb11000 	C:\Windows\System32\SHCORE.dll
0x00007ffe6e160000 - 0x00007ffe6e1be000 	C:\Windows\System32\shlwapi.dll
0x00007ffe6d3a0000 - 0x00007ffe6d3c6000 	C:\Windows\SYSTEM32\profapi.dll
0x00007ffe4f120000 - 0x00007ffe4f12c000 	C:\Program Files\Java\jdk-20\bin\dt_socket.dll
0x00007ffe6bc80000 - 0x00007ffe6bcad000 	C:\Windows\SYSTEM32\IPHLPAPI.DLL
0x00007ffe6c810000 - 0x00007ffe6c879000 	C:\Windows\system32\mswsock.dll
0x00007ffe6bcb0000 - 0x00007ffe6bda3000 	C:\Windows\SYSTEM32\DNSAPI.dll
0x00007ffe6eff0000 - 0x00007ffe6eff9000 	C:\Windows\System32\NSI.dll
0x00007ffe65dd0000 - 0x00007ffe65dda000 	C:\Windows\System32\rasadhlp.dll
0x00007ffe673e0000 - 0x00007ffe67464000 	C:\Windows\System32\fwpuclnt.dll
0x00007ffe4ac40000 - 0x00007ffe4ac58000 	C:\Program Files\Java\jdk-20\bin\zip.dll
0x00007ffe4ac00000 - 0x00007ffe4ac13000 	C:\Program Files\Java\jdk-20\bin\net.dll
0x00007ffe65920000 - 0x00007ffe65a57000 	C:\Windows\SYSTEM32\WINHTTP.dll
0x00007ffe4ab80000 - 0x00007ffe4ab96000 	C:\Program Files\Java\jdk-20\bin\nio.dll
0x00007ffe69050000 - 0x00007ffe6905a000 	C:\Program Files\Java\jdk-20\bin\management.dll
0x00007ffe4ead0000 - 0x00007ffe4eadb000 	C:\Program Files\Java\jdk-20\bin\management_ext.dll
0x00007ffe6fdd0000 - 0x00007ffe6fdd8000 	C:\Windows\System32\PSAPI.DLL
0x00007ffe1b4c0000 - 0x00007ffe1b4d7000 	C:\Windows\system32\napinsp.dll
0x00007ffe1b4a0000 - 0x00007ffe1b4bb000 	C:\Windows\system32\pnrpnsp.dll
0x00007ffe1b430000 - 0x00007ffe1b441000 	C:\Windows\System32\winrnr.dll
0x00007ffe48640000 - 0x00007ffe48655000 	C:\Windows\system32\wshbth.dll
0x00007ffe1b530000 - 0x00007ffe1b551000 	C:\Windows\system32\nlansp_c.dll
0x00007ffe6ca80000 - 0x00007ffe6ca9b000 	C:\Windows\SYSTEM32\CRYPTSP.dll
0x00007ffe6c300000 - 0x00007ffe6c335000 	C:\Windows\system32\rsaenh.dll
0x00007ffe6c910000 - 0x00007ffe6c93c000 	C:\Windows\SYSTEM32\USERENV.dll
0x00007ffe6cca0000 - 0x00007ffe6ccc8000 	C:\Windows\SYSTEM32\bcrypt.dll
0x00007ffe6ca70000 - 0x00007ffe6ca7c000 	C:\Windows\SYSTEM32\CRYPTBASE.dll
0x00007ffe66700000 - 0x00007ffe66719000 	C:\Windows\SYSTEM32\dhcpcsvc6.DLL
0x00007ffe666e0000 - 0x00007ffe666ff000 	C:\Windows\SYSTEM32\dhcpcsvc.DLL
0x00007ffe3e430000 - 0x00007ffe3e437000 	C:\Program Files\Java\jdk-20\bin\extnet.dll
0x00007ffe4dec0000 - 0x00007ffe4ded0000 	C:\Program Files\Java\jdk-20\bin\verify.dll
0x00007ffe4eac0000 - 0x00007ffe4eace000 	C:\Program Files\Java\jdk-20\bin\sunmscapi.dll
0x00007ffe6dc20000 - 0x00007ffe6dd87000 	C:\Windows\System32\CRYPT32.dll
0x00007ffe6cc70000 - 0x00007ffe6cc9e000 	C:\Windows\SYSTEM32\ncrypt.dll
0x00007ffe6cc30000 - 0x00007ffe6cc67000 	C:\Windows\SYSTEM32\NTASN1.dll
0x00007ffe4e750000 - 0x00007ffe4e758000 	C:\Windows\system32\wshunix.dll

dbghelp: loaded successfully - version: 4.0.5 - missing functions: none
symbol engine: initialized successfully - sym options: 0x614 - pdb path: .;C:\Program Files\Java\jdk-20\bin;C:\Windows\SYSTEM32;C:\Windows\WinSxS\amd64_microsoft.windows.common-controls_6595b64144ccf1df_6.0.22621.1635_none_270f70857386168e;C:\Program Files\Java\jdk-20\bin\server

VM Arguments:
jvm_args: -XX:+ShowCodeDetailsInExceptionMessages -agentlib:jdwp=transport=dt_socket,suspend=y,address=localhost:60920 -Dcom.sun.management.jmxremote -Dcom.sun.management.jmxremote.port=60919 -Dcom.sun.management.jmxremote.authenticate=false -Dcom.sun.management.jmxremote.ssl=false -Djava.rmi.server.hostname=localhost -Dspring.jmx.enabled=true -Dmanagement.endpoints.jmx.exposure.include=* -Dspring.application.admin.enabled=true -XX:TieredStopAtLevel=1 -Dspring.boot.project.name=DatabaseProject -javaagent:C:\Users\yogendra.kola\eclipse\jee-2023-06\eclipse\configuration\org.eclipse.osgi\430\0\.cp\lib\javaagent-shaded.jar -Dfile.encoding=UTF-8 
java_command: com.DatabaseProject.DatabaseProjectApplication --spring.output.ansi.enabled=always
java_class_path (initial): D:\DatabaseConnection\DatabaseProject\target\classes;C:\Users\yogendra.kola\.m2\repository\org\springframework\boot\spring-boot-starter-data-jpa\3.1.5\spring-boot-starter-data-jpa-3.1.5.jar;C:\Users\yogendra.kola\.m2\repository\org\springframework\boot\spring-boot-starter-aop\3.1.5\spring-boot-starter-aop-3.1.5.jar;C:\Users\yogendra.kola\.m2\repository\org\springframework\spring-aop\6.0.13\spring-aop-6.0.13.jar;C:\Users\yogendra.kola\.m2\repository\org\aspectj\aspectjweaver\1.9.20\aspectjweaver-1.9.20.jar;C:\Users\yogendra.kola\.m2\repository\org\springframework\boot\spring-boot-starter-jdbc\3.1.5\spring-boot-starter-jdbc-3.1.5.jar;C:\Users\yogendra.kola\.m2\repository\com\zaxxer\HikariCP\5.0.1\HikariCP-5.0.1.jar;C:\Users\yogendra.kola\.m2\repository\org\springframework\spring-jdbc\6.0.13\spring-jdbc-6.0.13.jar;C:\Users\yogendra.kola\.m2\repository\org\hibernate\orm\hibernate-core\6.2.13.Final\hibernate-core-6.2.13.Final.jar;C:\Users\yogendra.kola\.m2\repository\jakarta\persistence\jakarta.persistence-api\3.1.0\jakarta.persistence-api-3.1.0.jar;C:\Users\yogendra.kola\.m2\repository\jakarta\transaction\jakarta.transaction-api\2.0.1\jakarta.transaction-api-2.0.1.jar;C:\Users\yogendra.kola\.m2\repository\org\jboss\logging\jboss-logging\3.5.3.Final\jboss-logging-3.5.3.Final.jar;C:\Users\yogendra.kola\.m2\repository\org\hibernate\common\hibernate-commons-annotations\6.0.6.Final\hibernate-commons-annotations-6.0.6.Final.jar;C:\Users\yogendra.kola\.m2\repository\io\smallrye\jandex\3.0.5\jandex-3.0.5.jar;C:\Users\yogendra.kola\.m2\repository\com\fasterxml\classmate\1.5.1\classmate-1.5.1.jar;C:\Users\yogendra.kola\.m2\repository\net\bytebuddy\byte-buddy\1.14.9\byte-buddy-1.14.9.jar;C:\Users\yogendra.kola\.m2\repository\org\glassfish\jaxb\jaxb-runtime\4.0.3\jaxb-runtime-4.0.3.jar;C:\Users\yogendra.kola\.m2\repository\org\glassfish\jaxb\jaxb-core\4.0.3\jaxb-core-4.0.3.jar;C:\Users\yogendra.kola\.m2\repository\org\eclipse\angus\angus-activation\2.0.1\angus-activation-2.0.1.jar;C:\Users\yogendra.kola\.m2\repository\org\glassfish\jaxb\txw2\4.0.3\txw2-4.0.3.jar;C:\Users\yogendra.kola\.m2\repository\com\sun\istack\istack-commons-runtime\4.1.2\istack-commons-runtime-4.1.2.jar;C:\Users\yogendra.kola\.m2\repository\jakarta\inject\jakarta.inject-api\2.0.1\jakarta.inject-api-2.0.1.jar;C:\Users\yogendra.kola\.m2\repository\org\antlr\antlr4-runtime\4.10.1\antlr4-runtime-4.10.1.jar;C:\Users\yogendra.kola\.m2\repository\org\springframework\data\spring-data-jpa\3.1.5\spring-data-jpa-3.1.5.jar;C:\Users\yogendra.kola\.m2\repository\org\springframework\data\spring-data-commons\3.1.5\spring-data-commons-3.1.5.jar;C:\Users\yogendra.kola\.m2\repository\org\springframework\spring-orm\6.0.13\spring-orm-6.0.13.jar;C:\Users\yogendra.kola\.m2\repository\org\springframework\spring-context\6.0.13\spring-context-6.0.13.jar;C:\Users\yogendra.kola\.m2\repository\org\springframework\spring-tx\6.0.13\spring-tx-6.0.13.jar;C:\Users\yogendra.kola\.m2\repository\org\springframework\spring-beans\6.0.13\spring-beans-6.0.13.jar;C:\Users\yogendra.kola\.m2\repository\org\slf4j\slf4j-api\2.0.9\slf4j-api-2.0.9.jar;C:\Users\yogendra.kola\.m2\repository\org\springframework\spring-aspects\6.0.13\spring-aspects-6.0.13.jar;C:\Users\yogendra.kola\.m2\repository\org\springframework\boot\spring-boot-starter-web\3.1.5\spring-boot-starter-web-3.1.5.jar;C:\Users\yogendra.kola\.m2\repository\org\springframework\boot\spring-boot-starter-json\3.1.5\spring-boot-starter-json-3.1.5.jar;C:\Users\yogendra.kola\.m2\repository\com\fasterxml\jackson\core\jackson-databind\2.15.3\jackson-databind-2.15.3.jar;C:\Users\yogendra.kola\.m2\repository\com\fasterxml\jackson\core\jackson-annotations\2.15.3\jackson-annotations-2.15.3.jar;C:\Users\yogendra.kola\.m2\repository\com\fasterxml\jackson\core\jackson-core\2.15.3\jackson-core-2.15.3.jar;C:\Users\yogendra.kola\.m2\repository\com\fasterxml\jackson\datatype\jackson-datatype-jdk8\2.15.3\jackson-datatype-jdk8-2.15.3.jar;C:\Users\yogendra.kola\.m2\repository\com\fasterxml\jackson\datatype\jackson-datatype-jsr310\2.15.3\jackson-datatype-jsr310-2.15.3.jar;C:\Users\yogendra.kola\.m2\repository\com\fasterxml\jackson\module\jackson-module-parameter-names\2.15.3\jackson-module-parameter-names-2.15.3.jar;C:\Users\yogendra.kola\.m2\repository\org\springframework\boot\spring-boot-starter-tomcat\3.1.5\spring-boot-starter-tomcat-3.1.5.jar;C:\Users\yogendra.kola\.m2\repository\org\apache\tomcat\embed\tomcat-embed-core\10.1.15\tomcat-embed-core-10.1.15.jar;C:\Users\yogendra.kola\.m2\repository\org\apache\tomcat\embed\tomcat-embed-el\10.1.15\tomcat-embed-el-10.1.15.jar;C:\Users\yogendra.kola\.m2\repository\org\apache\tomcat\embed\tomcat-embed-websocket\10.1.15\tomcat-embed-websocket-10.1.15.jar;C:\Users\yogendra.kola\.m2\repository\org\springframework\spring-web\6.0.13\spring-web-6.0.13.jar;C:\Users\yogendra.kola\.m2\repository\org\springframework\spring-webmvc\6.0.13\spring-webmvc-6.0.13.jar;C:\Users\yogendra.kola\.m2\repository\org\springframework\spring-expression\6.0.13\spring-expression-6.0.13.jar;C:\Users\yogendra.kola\.m2\repository\org\springframework\boot\spring-boot-devtools\3.1.5\spring-boot-devtools-3.1.5.jar;C:\Users\yogendra.kola\.m2\repository\org\springframework\boot\spring-boot\3.1.5\spring-boot-3.1.5.jar;C:\Users\yogendra.kola\.m2\repository\org\springframework\boot\spring-boot-autoconfigure\3.1.5\spring-boot-autoconfigure-3.1.5.jar;C:\Users\yogendra.kola\.m2\repository\org\postgresql\postgresql\42.6.0\postgresql-42.6.0.jar;C:\Users\yogendra.kola\.m2\repository\org\checkerframework\checker-qual\3.31.0\checker-qual-3.31.0.jar;C:\Users\yogendra.kola\.m2\repository\org\springframework\boot\spring-boot-starter-actuator\3.1.5\spring-boot-starter-actuator-3.1.5.jar;C:\Users\yogendra.kola\.m2\repository\org\springframework\boot\spring-boot-actuator-autoconfigure\3.1.5\spring-boot-actuator-autoconfigure-3.1.5.jar;C:\Users\yogendra.kola\.m2\repository\org\springframework\boot\spring-boot-actuator\3.1.5\spring-boot-actuator-3.1.5.jar;C:\Users\yogendra.kola\.m2\repository\io\micrometer\micrometer-observation\1.11.5\micrometer-observation-1.11.5.jar;C:\Users\yogendra.kola\.m2\repository\io\micrometer\micrometer-commons\1.11.5\micrometer-commons-1.11.5.jar;C:\Users\yogendra.kola\.m2\repository\io\micrometer\micrometer-core\1.11.5\micrometer-core-1.11.5.jar;C:\Users\yogendra.kola\.m2\repository\org\hdrhistogram\HdrHistogram\2.1.12\HdrHistogram-2.1.12.jar;C:\Users\yogendra.kola\.m2\repository\org\latencyutils\LatencyUtils\2.0.3\LatencyUtils-2.0.3.jar;C:\Users\yogendra.kola\.m2\repository\org\springframework\boot\spring-boot-starter\3.1.5\spring-boot-starter-3.1.5.jar;C:\Users\yogendra.kola\.m2\repository\org\springframework\boot\spring-boot-starter-logging\3.1.5\spring-boot-starter-logging-3.1.5.jar;C:\Users\yogendra.kola\.m2\repository\ch\qos\logback\logback-classic\1.4.11\logback-classic-1.4.11.jar;C:\Users\yogendra.kola\.m2\repository\ch\qos\logback\logback-core\1.4.11\logback-core-1.4.11.jar;C:\Users\yogendra.kola\.m2\repository\org\apache\logging\log4j\log4j-to-slf4j\2.20.0\log4j-to-slf4j-2.20.0.jar;C:\Users\yogendra.kola\.m2\repository\org\apache\logging\log4j\log4j-api\2.20.0\log4j-api-2.20.0.jar;C:\Users\yogendra.kola\.m2\repository\org\slf4j\jul-to-slf4j\2.0.9\jul-to-slf4j-2.0.9.jar;C:\Users\yogendra.kola\.m2\repository\jakarta\annotation\jakarta.annotation-api\2.1.1\jakarta.annotation-api-2.1.1.jar;C:\Users\yogendra.kola\.m2\repository\org\springframework\spring-core\6.0.13\spring-core-6.0.13.jar;C:\Users\yogendra.kola\.m2\repository\org\springframework\spring-jcl\6.0.13\spring-jcl-6.0.13.jar;C:\Users\yogendra.kola\.m2\repository\org\yaml\snakeyaml\1.33\snakeyaml-1.33.jar;C:\Users\yogendra.kola\.m2\repository\jakarta\xml\bind\jakarta.xml.bind-api\4.0.1\jakarta.xml.bind-api-4.0.1.jar;C:\Users\yogendra.kola\.m2\repository\jakarta\activation\jakarta.activation-api\2.1.2\jakarta.activation-api-2.1.2.jar
Launcher Type: SUN_STANDARD

[Global flags]
     intx CICompilerCount                          = 4                                         {product} {ergonomic}
     uint ConcGCThreads                            = 2                                         {product} {ergonomic}
     uint G1ConcRefinementThreads                  = 8                                         {product} {ergonomic}
   size_t G1HeapRegionSize                         = 2097152                                   {product} {ergonomic}
    uintx GCDrainStackTargetSize                   = 64                                        {product} {ergonomic}
   size_t InitialHeapSize                          = 266338304                                 {product} {ergonomic}
     bool ManagementServer                         = true                                      {product} {command line}
   size_t MarkStackSize                            = 4194304                                   {product} {ergonomic}
   size_t MaxHeapSize                              = 4244635648                                {product} {ergonomic}
   size_t MaxNewSize                               = 2545942528                                {product} {ergonomic}
   size_t MinHeapDeltaBytes                        = 2097152                                   {product} {ergonomic}
   size_t MinHeapSize                              = 8388608                                   {product} {ergonomic}
    uintx NonProfiledCodeHeapSize                  = 0                                      {pd product} {ergonomic}
     bool ProfileInterpreter                       = false                                  {pd product} {command line}
    uintx ProfiledCodeHeapSize                     = 0                                      {pd product} {ergonomic}
     bool ShowCodeDetailsInExceptionMessages       = true                                   {manageable} {command line}
   size_t SoftMaxHeapSize                          = 4244635648                             {manageable} {ergonomic}
     intx TieredStopAtLevel                        = 1                                         {product} {command line}
     bool UseCompressedClassPointers               = true                           {product lp64_product} {ergonomic}
     bool UseCompressedOops                        = true                           {product lp64_product} {ergonomic}
     bool UseG1GC                                  = true                                      {product} {ergonomic}
     bool UseLargePagesIndividualAllocation        = false                                  {pd product} {ergonomic}

Logging:
Log output configuration:
 #0: stdout all=warning uptime,level,tags foldmultilines=false
 #1: stderr all=off uptime,level,tags foldmultilines=false

Environment Variables:
PATH=C:\Program Files\Common Files\Oracle\Java\javapath;C:\Windows\system32;C:\Windows;C:\Windows\System32\Wbem;C:\Windows\System32\WindowsPowerShell\v1.0\;C:\Windows\System32\OpenSSH\;C:\Program Files\apache-maven-3.9.3\bin;C:\Program Files\PuTTY\;C:\Program Files\nodejs\;C:\Users\yogendra.kola\AppData\Local\Programs\Python\Python311\Scripts\;C:\Users\yogendra.kola\AppData\Local\Programs\Python\Python311\;C:\Users\yogendra.kola\AppData\Local\Microsoft\WindowsApps;;C:\Users\yogendra.kola\AppData\Local\Programs\Microsoft VS Code\bin;C:\Users\yogendra.kola\AppData\Roaming\npm
USERNAME=yogendra.kola
OS=Windows_NT
PROCESSOR_IDENTIFIER=Intel64 Family 6 Model 142 Stepping 12, GenuineIntel
TMP=C:\Users\YOGEND~1.KOL\AppData\Local\Temp
TEMP=C:\Users\YOGEND~1.KOL\AppData\Local\Temp




---------------  S Y S T E M  ---------------

OS:
 Windows 11 , 64 bit Build 22621 (10.0.22621.1928)
OS uptime: 7 days 3:59 hours

CPU: total 8 (initial active 8) (4 cores per cpu, 2 threads per core) family 6 model 142 stepping 12 microcode 0xde, cx8, cmov, fxsr, ht, mmx, 3dnowpref, sse, sse2, sse3, ssse3, sse4.1, sse4.2, popcnt, lzcnt, tsc, tscinvbit, avx, avx2, aes, erms, clmul, bmi1, bmi2, adx, fma, vzeroupper, clflush, clflushopt, rdtscp, f16c

Memory: 4k page, system-wide physical 16190M (3426M free)
TotalPageFile size 24146M (AvailPageFile size 4910M)
current process WorkingSet (physical memory assigned to process): 239M, peak: 249M
current process commit charge ("private bytes"): 282M, peak: 377M

vm_info: Java HotSpot(TM) 64-Bit Server VM (20.0.2+9-78) for windows-amd64 JRE (20.0.2+9-78), built on 2023-06-14T10:08:48Z by "mach5one" with MS VC++ 17.1 (VS2022)

END.
